<?xml version="1.0" encoding="UTF-8"?>
<!-- Generated by org.testng.reporters.JUnitReportReporter -->
<testsuite skipped="0" hostname="RSI1557" name="br.com.rsi_hub.appium.test.CadastroTest" tests="1" failures="0" timestamp="07 fev 2020 20:29:48 GMT" time="62.746" errors="0">
  <testcase name="deveFazerCadastroDeNovoUsuario" time="62.746" classname="br.com.rsi_hub.appium.test.CadastroTest"/>
</testsuite> <!-- br.com.rsi_hub.appium.test.CadastroTest -->
