<?xml version="1.0" encoding="UTF-8"?>
<!-- Generated by org.testng.reporters.JUnitReportReporter -->
<testsuite skipped="0" hostname="RSI1557" name="br.com.rsi_hub.appium.test.CadastroTest" tests="2" failures="0" timestamp="10 Feb 2020 18:01:58 GMT" time="119.384" errors="0">
  <testcase name="deveFazerCadastroDeUsuarioJaCadastrado" time="59.800" classname="br.com.rsi_hub.appium.test.CadastroTest"/>
  <testcase name="deveFazerCadastroDeNovoUsuario" time="59.584" classname="br.com.rsi_hub.appium.test.CadastroTest"/>
</testsuite> <!-- br.com.rsi_hub.appium.test.CadastroTest -->
