<?xml version="1.0" encoding="UTF-8"?>
<!-- Generated by org.testng.reporters.JUnitReportReporter -->
<testsuite skipped="0" hostname="RSI1557" name="br.com.rsi_hub.appium.test.TesteTelaInicial" tests="1" failures="0" timestamp="07 fev 2020 12:03:22 GMT" time="29.574" errors="0">
  <testcase name="deveBuscaProdutoTelaPrincipal" time="29.574" classname="br.com.rsi_hub.appium.test.TesteTelaInicial"/>
</testsuite> <!-- br.com.rsi_hub.appium.test.TesteTelaInicial -->
