<?xml version="1.0" encoding="UTF-8"?>
<!-- Generated by org.testng.reporters.JUnitReportReporter -->
<testsuite skipped="0" hostname="RSI1557" name="br.com.rsi_hub.appium.test.CadastroTest" tests="1" failures="0" timestamp="10 Feb 2020 18:08:22 GMT" time="60.953" errors="0">
  <testcase name="deveFazerCadastroDeUsuarioJaCadastrado" time="60.953" classname="br.com.rsi_hub.appium.test.CadastroTest"/>
</testsuite> <!-- br.com.rsi_hub.appium.test.CadastroTest -->
