<?xml version="1.0" encoding="UTF-8"?>
<!-- Generated by org.testng.reporters.JUnitReportReporter -->
<testsuite skipped="0" hostname="RSI1557" name="br.com.rsi_hub.appium.tdd.test.CadastroTest" tests="2" failures="0" timestamp="11 Feb 2020 12:20:39 GMT" time="119.537" errors="0">
  <testcase name="deveFazerCadastroDeUsuarioJaCadastrado" time="58.013" classname="br.com.rsi_hub.appium.tdd.test.CadastroTest"/>
  <testcase name="deveFazerCadastroDeNovoUsuario" time="61.524" classname="br.com.rsi_hub.appium.tdd.test.CadastroTest"/>
</testsuite> <!-- br.com.rsi_hub.appium.tdd.test.CadastroTest -->
