<?xml version="1.0" encoding="UTF-8"?>
<!-- Generated by org.testng.reporters.JUnitReportReporter -->
<testsuite skipped="0" hostname="RSI1557" name="br.com.rsi_hub.appium.test.CadastroTest" tests="2" failures="0" timestamp="11 Feb 2020 00:52:45 GMT" time="127.588" errors="0">
  <testcase name="deveFazerCadastroDeUsuarioJaCadastrado" time="62.339" classname="br.com.rsi_hub.appium.test.CadastroTest"/>
  <testcase name="deveFazerCadastroDeNovoUsuario" time="65.249" classname="br.com.rsi_hub.appium.test.CadastroTest"/>
</testsuite> <!-- br.com.rsi_hub.appium.test.CadastroTest -->
