<?xml version="1.0" encoding="UTF-8"?>
<!-- Generated by org.testng.reporters.JUnitReportReporter -->
<testsuite skipped="0" hostname="RSI1557" name="br.com.rsi_hub.appium.test.BuscaLupaTest" tests="1" failures="0" timestamp="07 fev 2020 20:39:27 GMT" time="39.438" errors="0">
  <testcase name="deveBuscarProdutoPelaLupa" time="39.438" classname="br.com.rsi_hub.appium.test.BuscaLupaTest"/>
</testsuite> <!-- br.com.rsi_hub.appium.test.BuscaLupaTest -->
