<?xml version="1.0" encoding="UTF-8"?>
<!-- Generated by org.testng.reporters.JUnitReportReporter -->
<testsuite skipped="0" hostname="RSI1557" name="br.com.rsi_hub.appium.tdd.test.BuscaLupaTest" tests="2" failures="0" timestamp="11 Feb 2020 12:20:39 GMT" time="65.680" errors="0">
  <testcase name="deveBuscarProdutoPelaLupa" time="35.284" classname="br.com.rsi_hub.appium.tdd.test.BuscaLupaTest"/>
  <testcase name="deveBuscarProdutoPelaLupaQueNaoExiste" time="30.396" classname="br.com.rsi_hub.appium.tdd.test.BuscaLupaTest"/>
</testsuite> <!-- br.com.rsi_hub.appium.tdd.test.BuscaLupaTest -->
