<?xml version="1.0" encoding="UTF-8"?>
<!-- Generated by org.testng.reporters.JUnitReportReporter -->
<testsuite skipped="0" hostname="RSI1557" name="br.com.rsi_hub.appium.test.TesteBuscaLupa" tests="1" failures="0" timestamp="06 fev 2020 20:24:28 GMT" time="34.805" errors="0">
  <testcase name="deveBuscarProdutoPelaLupa" time="34.805" classname="br.com.rsi_hub.appium.test.TesteBuscaLupa"/>
</testsuite> <!-- br.com.rsi_hub.appium.test.TesteBuscaLupa -->
