<?xml version="1.0" encoding="UTF-8"?>
<!-- Generated by org.testng.reporters.JUnitReportReporter -->
<testsuite skipped="0" hostname="RSI1557" name="br.com.rsi_hub.appium.test.TelaInicialTest" tests="1" failures="0" timestamp="07 fev 2020 20:40:12 GMT" time="33.370" errors="0">
  <testcase name="deveBuscaProdutoTelaPrincipal" time="33.370" classname="br.com.rsi_hub.appium.test.TelaInicialTest"/>
</testsuite> <!-- br.com.rsi_hub.appium.test.TelaInicialTest -->
