<?xml version="1.0" encoding="UTF-8"?>
<!-- Generated by org.testng.reporters.JUnitReportReporter -->
<testsuite skipped="0" hostname="RSI1557" name="br.com.rsi_hub.appium.tdd.test.TelaInicialTest" tests="2" failures="0" timestamp="12 Feb 2020 23:07:18 GMT" time="64.594" errors="0">
  <testcase name="deveBuscaProdutoTelaPrincipal" time="32.490" classname="br.com.rsi_hub.appium.tdd.test.TelaInicialTest"/>
  <testcase name="deveBuscarProdutoSemSaldo" time="32.104" classname="br.com.rsi_hub.appium.tdd.test.TelaInicialTest"/>
</testsuite> <!-- br.com.rsi_hub.appium.tdd.test.TelaInicialTest -->
