<?xml version="1.0" encoding="UTF-8"?>
<!-- Generated by org.testng.reporters.JUnitReportReporter -->
<testsuite skipped="0" hostname="RSI1557" name="br.com.rsi_hub.appium.tdd.test.CadastroTest" tests="2" failures="0" timestamp="12 Feb 2020 23:07:18 GMT" time="121.346" errors="0">
  <testcase name="deveFazerCadastroDeUsuarioJaCadastrado" time="59.004" classname="br.com.rsi_hub.appium.tdd.test.CadastroTest"/>
  <testcase name="deveFazerCadastroDeNovoUsuario" time="62.342" classname="br.com.rsi_hub.appium.tdd.test.CadastroTest"/>
</testsuite> <!-- br.com.rsi_hub.appium.tdd.test.CadastroTest -->
