<?xml version="1.0" encoding="UTF-8"?>
<!-- Generated by org.testng.reporters.JUnitReportReporter -->
<testsuite skipped="0" hostname="RSI1557" name="br.com.rsi_hub.appium.tdd.test.BuscaLupaTest" tests="2" failures="0" timestamp="12 Feb 2020 23:07:18 GMT" time="66.900" errors="0">
  <testcase name="deveBuscarProdutoPelaLupa" time="36.241" classname="br.com.rsi_hub.appium.tdd.test.BuscaLupaTest"/>
  <testcase name="deveBuscarProdutoPelaLupaQueNaoExiste" time="30.659" classname="br.com.rsi_hub.appium.tdd.test.BuscaLupaTest"/>
</testsuite> <!-- br.com.rsi_hub.appium.tdd.test.BuscaLupaTest -->
