<?xml version="1.0" encoding="UTF-8"?>
<!-- Generated by org.testng.reporters.JUnitReportReporter -->
<testsuite skipped="0" hostname="RSI1557" name="br.com.rsi_hub.appium.tdd.test.TelaInicialTest" tests="2" failures="0" timestamp="11 Feb 2020 12:20:39 GMT" time="63.964" errors="0">
  <testcase name="deveBuscaProdutoTelaPrincipal" time="31.720" classname="br.com.rsi_hub.appium.tdd.test.TelaInicialTest"/>
  <testcase name="deveBuscarProdutoSemSaldo" time="32.244" classname="br.com.rsi_hub.appium.tdd.test.TelaInicialTest"/>
</testsuite> <!-- br.com.rsi_hub.appium.tdd.test.TelaInicialTest -->
